2026-07-18 01:56:24,446 - aqt.main - INFO - installer 38472 aqtinstall(aqt) v3.3.0 on Python 3.11.9 [CPython MSC v.1938 64 bit (AMD64)]
2026-07-18 01:56:24,447 - aqt.helper - DEBUG - helper 38472 Attempt to download checksum at https://download.qt.io/online/qtsdkrepository/windows_x86/desktop/qt6_682/qt6_682/Updates.xml.sha256
2026-07-18 01:56:26,098 - aqt.helper - DEBUG - helper 38472 Attempt to download checksum at https://download.qt.io/online/qtsdkrepository/windows_x86/extensions/qtwebengine/682/msvc2022_64/Updates.xml.sha256
2026-07-18 01:56:27,516 - aqt.archives - INFO - archives 38472 Found extension qtwebengine
2026-07-18 01:56:27,516 - aqt.helper - DEBUG - helper 38472 Attempt to download checksum at https://download.qt.io/online/qtsdkrepository/windows_x86/extensions/qtpdf/682/msvc2022_64/Updates.xml.sha256
2026-07-18 01:56:28,936 - aqt.archives - INFO - archives 38472 Found extension qtpdf
2026-07-18 01:56:30,593 - aqt.helper - DEBUG - helper 22516 Attempt to download checksum at https://download.qt.io/online/qtsdkrepository/windows_x86/desktop/qt6_682/qt6_682/qt.qt6.682.addons.qtmultimedia.win64_msvc2022_64/6.8.2-0-202501260838qtmultimedia-Windows-Windows_11_23H2-MSVC2022-Windows-Windows_11_23H2-X86_64.7z.sha256
2026-07-18 01:56:30,595 - aqt.helper - DEBUG - helper 29324 Attempt to download checksum at https://download.qt.io/online/qtsdkrepository/windows_x86/desktop/qt6_682/qt6_682/qt.qt6.682.addons.qtshadertools.win64_msvc2022_64/6.8.2-0-202501260838qtshadertools-Windows-Windows_11_23H2-MSVC2022-Windows-Windows_11_23H2-X86_64.7z.sha256
2026-07-18 01:56:30,680 - aqt.helper - DEBUG - helper 37092 Attempt to download checksum at https://download.qt.io/online/qtsdkrepository/windows_x86/desktop/qt6_682/qt6_682/qt.qt6.682.win64_msvc2022_64/6.8.2-0-202501260838qtbase-Windows-Windows_11_23H2-MSVC2022-Windows-Windows_11_23H2-X86_64.7z.sha256
2026-07-18 01:56:30,734 - aqt.helper - DEBUG - helper 32888 Attempt to download checksum at https://download.qt.io/online/qtsdkrepository/windows_x86/desktop/qt6_682/qt6_682/qt.qt6.682.win64_msvc2022_64/6.8.2-0-202501260838qtsvg-Windows-Windows_11_23H2-MSVC2022-Windows-Windows_11_23H2-X86_64.7z.sha256
2026-07-18 01:56:31,648 - aqt.helper - INFO - helper 22516 Downloading qtmultimedia...
2026-07-18 01:56:31,648 - aqt.helper - INFO - helper 29324 Downloading qtshadertools...
2026-07-18 01:56:31,648 - aqt.installer - DEBUG - installer 22516 Download URL: https://download.qt.io/online/qtsdkrepository/windows_x86/desktop/qt6_682/qt6_682/qt.qt6.682.addons.qtmultimedia.win64_msvc2022_64/6.8.2-0-202501260838qtmultimedia-Windows-Windows_11_23H2-MSVC2022-Windows-Windows_11_23H2-X86_64.7z
2026-07-18 01:56:31,648 - aqt.installer - DEBUG - installer 29324 Download URL: https://download.qt.io/online/qtsdkrepository/windows_x86/desktop/qt6_682/qt6_682/qt.qt6.682.addons.qtshadertools.win64_msvc2022_64/6.8.2-0-202501260838qtshadertools-Windows-Windows_11_23H2-MSVC2022-Windows-Windows_11_23H2-X86_64.7z
2026-07-18 01:56:31,660 - aqt.helper - INFO - helper 37092 Downloading qtbase...
2026-07-18 01:56:31,661 - aqt.installer - DEBUG - installer 37092 Download URL: https://download.qt.io/online/qtsdkrepository/windows_x86/desktop/qt6_682/qt6_682/qt.qt6.682.win64_msvc2022_64/6.8.2-0-202501260838qtbase-Windows-Windows_11_23H2-MSVC2022-Windows-Windows_11_23H2-X86_64.7z
2026-07-18 01:56:31,737 - aqt.helper - INFO - helper 32888 Downloading qtsvg...
2026-07-18 01:56:31,738 - aqt.installer - DEBUG - installer 32888 Download URL: https://download.qt.io/online/qtsdkrepository/windows_x86/desktop/qt6_682/qt6_682/qt.qt6.682.win64_msvc2022_64/6.8.2-0-202501260838qtsvg-Windows-Windows_11_23H2-MSVC2022-Windows-Windows_11_23H2-X86_64.7z
2026-07-18 01:56:32,771 - aqt.helper - DEBUG - helper 29324 Asked to redirect(302) to: https://mirrors.ukfast.co.uk/sites/qt.io/online/qtsdkrepository/windows_x86/desktop/qt6_682/qt6_682/qt.qt6.682.addons.qtshadertools.win64_msvc2022_64/6.8.2-0-202501260838qtshadertools-Windows-Windows_11_23H2-MSVC2022-Windows-Windows_11_23H2-X86_64.7z
2026-07-18 01:56:32,771 - aqt.helper - DEBUG - helper 37092 Asked to redirect(302) to: https://mirrors.ukfast.co.uk/sites/qt.io/online/qtsdkrepository/windows_x86/desktop/qt6_682/qt6_682/qt.qt6.682.win64_msvc2022_64/6.8.2-0-202501260838qtbase-Windows-Windows_11_23H2-MSVC2022-Windows-Windows_11_23H2-X86_64.7z
2026-07-18 01:56:32,771 - aqt.helper - INFO - helper 29324 Redirected: mirrors.ukfast.co.uk
2026-07-18 01:56:32,771 - aqt.helper - INFO - helper 37092 Redirected: mirrors.ukfast.co.uk
2026-07-18 01:56:32,808 - aqt.helper - DEBUG - helper 22516 Asked to redirect(302) to: https://mirrors.ukfast.co.uk/sites/qt.io/online/qtsdkrepository/windows_x86/desktop/qt6_682/qt6_682/qt.qt6.682.addons.qtmultimedia.win64_msvc2022_64/6.8.2-0-202501260838qtmultimedia-Windows-Windows_11_23H2-MSVC2022-Windows-Windows_11_23H2-X86_64.7z
2026-07-18 01:56:32,808 - aqt.helper - INFO - helper 22516 Redirected: mirrors.ukfast.co.uk
2026-07-18 01:56:32,854 - aqt.helper - DEBUG - helper 32888 Asked to redirect(302) to: https://mirrors.ukfast.co.uk/sites/qt.io/online/qtsdkrepository/windows_x86/desktop/qt6_682/qt6_682/qt.qt6.682.win64_msvc2022_64/6.8.2-0-202501260838qtsvg-Windows-Windows_11_23H2-MSVC2022-Windows-Windows_11_23H2-X86_64.7z
2026-07-18 01:56:32,854 - aqt.helper - INFO - helper 32888 Redirected: mirrors.ukfast.co.uk
2026-07-18 01:56:34,807 - aqt.installer - INFO - installer 32888 Finished installation of qtsvg-Windows-Windows_11_23H2-MSVC2022-Windows-Windows_11_23H2-X86_64.7z in 4.07627630
2026-07-18 01:56:34,826 - aqt.helper - DEBUG - helper 32888 Attempt to download checksum at https://download.qt.io/online/qtsdkrepository/windows_x86/desktop/qt6_682/qt6_682/qt.qt6.682.win64_msvc2022_64/6.8.2-0-202501260838qtdeclarative-Windows-Windows_11_23H2-MSVC2022-Windows-Windows_11_23H2-X86_64.7z.sha256
2026-07-18 01:56:35,171 - aqt.installer - INFO - installer 29324 Finished installation of qtshadertools-Windows-Windows_11_23H2-MSVC2022-Windows-Windows_11_23H2-X86_64.7z in 4.57874490
2026-07-18 01:56:35,191 - aqt.helper - DEBUG - helper 29324 Attempt to download checksum at https://download.qt.io/online/qtsdkrepository/windows_x86/desktop/qt6_682/qt6_682/qt.qt6.682.win64_msvc2022_64/6.8.2-0-202501260838qttools-Windows-Windows_11_23H2-MSVC2022-Windows-Windows_11_23H2-X86_64.7z.sha256
2026-07-18 01:56:35,626 - aqt.helper - INFO - helper 32888 Downloading qtdeclarative...
2026-07-18 01:56:35,627 - aqt.installer - DEBUG - installer 32888 Download URL: https://download.qt.io/online/qtsdkrepository/windows_x86/desktop/qt6_682/qt6_682/qt.qt6.682.win64_msvc2022_64/6.8.2-0-202501260838qtdeclarative-Windows-Windows_11_23H2-MSVC2022-Windows-Windows_11_23H2-X86_64.7z
2026-07-18 01:56:35,944 - aqt.helper - INFO - helper 29324 Downloading qttools...
2026-07-18 01:56:35,945 - aqt.installer - DEBUG - installer 29324 Download URL: https://download.qt.io/online/qtsdkrepository/windows_x86/desktop/qt6_682/qt6_682/qt.qt6.682.win64_msvc2022_64/6.8.2-0-202501260838qttools-Windows-Windows_11_23H2-MSVC2022-Windows-Windows_11_23H2-X86_64.7z
2026-07-18 01:56:36,458 - aqt.helper - DEBUG - helper 32888 Asked to redirect(302) to: https://mirrors.ukfast.co.uk/sites/qt.io/online/qtsdkrepository/windows_x86/desktop/qt6_682/qt6_682/qt.qt6.682.win64_msvc2022_64/6.8.2-0-202501260838qtdeclarative-Windows-Windows_11_23H2-MSVC2022-Windows-Windows_11_23H2-X86_64.7z
2026-07-18 01:56:36,459 - aqt.helper - INFO - helper 32888 Redirected: mirrors.ukfast.co.uk
2026-07-18 01:56:36,729 - aqt.helper - DEBUG - helper 29324 Asked to redirect(302) to: https://mirrors.ukfast.co.uk/sites/qt.io/online/qtsdkrepository/windows_x86/desktop/qt6_682/qt6_682/qt.qt6.682.win64_msvc2022_64/6.8.2-0-202501260838qttools-Windows-Windows_11_23H2-MSVC2022-Windows-Windows_11_23H2-X86_64.7z
2026-07-18 01:56:36,730 - aqt.helper - INFO - helper 29324 Redirected: mirrors.ukfast.co.uk
2026-07-18 01:56:41,088 - aqt.installer - INFO - installer 22516 Finished installation of qtmultimedia-Windows-Windows_11_23H2-MSVC2022-Windows-Windows_11_23H2-X86_64.7z in 10.49796420
2026-07-18 01:56:41,114 - aqt.helper - DEBUG - helper 22516 Attempt to download checksum at https://download.qt.io/online/qtsdkrepository/windows_x86/desktop/qt6_682/qt6_682/qt.qt6.682.win64_msvc2022_64/6.8.2-0-202501260838qttranslations-Windows-Windows_11_23H2-MSVC2022-Windows-Windows_11_23H2-X86_64.7z.sha256
2026-07-18 01:56:41,973 - aqt.helper - INFO - helper 22516 Downloading qttranslations...
2026-07-18 01:56:41,973 - aqt.installer - DEBUG - installer 22516 Download URL: https://download.qt.io/online/qtsdkrepository/windows_x86/desktop/qt6_682/qt6_682/qt.qt6.682.win64_msvc2022_64/6.8.2-0-202501260838qttranslations-Windows-Windows_11_23H2-MSVC2022-Windows-Windows_11_23H2-X86_64.7z
2026-07-18 01:56:42,883 - aqt.helper - DEBUG - helper 22516 Asked to redirect(302) to: https://mirrors.ukfast.co.uk/sites/qt.io/online/qtsdkrepository/windows_x86/desktop/qt6_682/qt6_682/qt.qt6.682.win64_msvc2022_64/6.8.2-0-202501260838qttranslations-Windows-Windows_11_23H2-MSVC2022-Windows-Windows_11_23H2-X86_64.7z
2026-07-18 01:56:42,884 - aqt.helper - INFO - helper 22516 Redirected: mirrors.ukfast.co.uk
2026-07-18 01:56:44,494 - aqt.installer - INFO - installer 29324 Finished installation of qttools-Windows-Windows_11_23H2-MSVC2022-Windows-Windows_11_23H2-X86_64.7z in 9.30523530
2026-07-18 01:56:44,522 - aqt.helper - DEBUG - helper 29324 Attempt to download checksum at https://download.qt.io/online/qtsdkrepository/windows_x86/desktop/qt6_682/qt6_682/qt.qt6.682.win64_msvc2022_64/6.8.2-0-202501260838d3dcompiler_47-x64.7z.sha256
2026-07-18 01:56:45,307 - aqt.installer - INFO - installer 22516 Finished installation of qttranslations-Windows-Windows_11_23H2-MSVC2022-Windows-Windows_11_23H2-X86_64.7z in 4.19621480
2026-07-18 01:56:45,328 - aqt.helper - DEBUG - helper 22516 Attempt to download checksum at https://download.qt.io/online/qtsdkrepository/windows_x86/desktop/qt6_682/qt6_682/qt.qt6.682.win64_msvc2022_64/6.8.2-0-202501260838opengl32sw-64-mesa_11_2_2-signed_sha256.7z.sha256
2026-07-18 01:56:45,405 - aqt.helper - INFO - helper 29324 Downloading d3dcompiler_47...
2026-07-18 01:56:45,405 - aqt.installer - DEBUG - installer 29324 Download URL: https://download.qt.io/online/qtsdkrepository/windows_x86/desktop/qt6_682/qt6_682/qt.qt6.682.win64_msvc2022_64/6.8.2-0-202501260838d3dcompiler_47-x64.7z
2026-07-18 01:56:46,189 - aqt.helper - INFO - helper 22516 Downloading opengl32sw...
2026-07-18 01:56:46,189 - aqt.installer - DEBUG - installer 22516 Download URL: https://download.qt.io/online/qtsdkrepository/windows_x86/desktop/qt6_682/qt6_682/qt.qt6.682.win64_msvc2022_64/6.8.2-0-202501260838opengl32sw-64-mesa_11_2_2-signed_sha256.7z
2026-07-18 01:56:46,288 - aqt.helper - DEBUG - helper 29324 Asked to redirect(302) to: https://mirrors.ukfast.co.uk/sites/qt.io/online/qtsdkrepository/windows_x86/desktop/qt6_682/qt6_682/qt.qt6.682.win64_msvc2022_64/6.8.2-0-202501260838d3dcompiler_47-x64.7z
2026-07-18 01:56:46,288 - aqt.helper - INFO - helper 29324 Redirected: mirrors.ukfast.co.uk
2026-07-18 01:56:47,041 - aqt.helper - DEBUG - helper 22516 Asked to redirect(302) to: https://mirrors.ukfast.co.uk/sites/qt.io/online/qtsdkrepository/windows_x86/desktop/qt6_682/qt6_682/qt.qt6.682.win64_msvc2022_64/6.8.2-0-202501260838opengl32sw-64-mesa_11_2_2-signed_sha256.7z
2026-07-18 01:56:47,041 - aqt.helper - INFO - helper 22516 Redirected: mirrors.ukfast.co.uk
2026-07-18 01:56:48,631 - aqt.installer - INFO - installer 29324 Finished installation of d3dcompiler_47-x64.7z in 4.11109110
2026-07-18 01:56:48,982 - aqt.installer - INFO - installer 22516 Finished installation of opengl32sw-64-mesa_11_2_2-signed_sha256.7z in 3.65632260
2026-07-18 01:57:02,842 - aqt.installer - INFO - installer 37092 Finished installation of qtbase-Windows-Windows_11_23H2-MSVC2022-Windows-Windows_11_23H2-X86_64.7z in 32.16650760
2026-07-18 01:57:57,921 - aqt.installer - INFO - installer 32888 Finished installation of qtdeclarative-Windows-Windows_11_23H2-MSVC2022-Windows-Windows_11_23H2-X86_64.7z in 83.09831750
2026-07-18 01:57:58,585 - aqt.updater - INFO - updater 38472 Patching D:\Qt\6.8.2\msvc2022_64\bin\qmake.exe
2026-07-18 01:57:58,602 - aqt.updater - INFO - updater 38472 Patching D:\Qt\6.8.2\msvc2022_64\lib\Qt6Concurrent.prl
2026-07-18 01:57:59,059 - aqt.updater - INFO - updater 38472 Patching D:\Qt\6.8.2\msvc2022_64\lib\Qt6Concurrentd.prl
2026-07-18 01:57:59,072 - aqt.updater - INFO - updater 38472 Patching D:\Qt\6.8.2\msvc2022_64\lib\Qt6Core.prl
2026-07-18 01:57:59,093 - aqt.updater - INFO - updater 38472 Patching D:\Qt\6.8.2\msvc2022_64\lib\Qt6Cored.prl
2026-07-18 01:57:59,115 - aqt.updater - INFO - updater 38472 Patching D:\Qt\6.8.2\msvc2022_64\lib\Qt6DBus.prl
2026-07-18 01:57:59,136 - aqt.updater - INFO - updater 38472 Patching D:\Qt\6.8.2\msvc2022_64\lib\Qt6DBusd.prl
2026-07-18 01:57:59,156 - aqt.updater - INFO - updater 38472 Patching D:\Qt\6.8.2\msvc2022_64\lib\Qt6Designer.prl
2026-07-18 01:57:59,174 - aqt.updater - INFO - updater 38472 Patching D:\Qt\6.8.2\msvc2022_64\lib\Qt6DesignerComponents.prl
2026-07-18 01:57:59,199 - aqt.updater - INFO - updater 38472 Patching D:\Qt\6.8.2\msvc2022_64\lib\Qt6DesignerComponentsd.prl
2026-07-18 01:57:59,227 - aqt.updater - INFO - updater 38472 Patching D:\Qt\6.8.2\msvc2022_64\lib\Qt6Designerd.prl
2026-07-18 01:57:59,247 - aqt.updater - INFO - updater 38472 Patching D:\Qt\6.8.2\msvc2022_64\lib\Qt6DeviceDiscoverySupport.prl
2026-07-18 01:57:59,285 - aqt.updater - INFO - updater 38472 Patching D:\Qt\6.8.2\msvc2022_64\lib\Qt6DeviceDiscoverySupportd.prl
2026-07-18 01:57:59,323 - aqt.updater - INFO - updater 38472 Patching D:\Qt\6.8.2\msvc2022_64\lib\Qt6EntryPoint.prl
2026-07-18 01:57:59,351 - aqt.updater - INFO - updater 38472 Patching D:\Qt\6.8.2\msvc2022_64\lib\Qt6EntryPointd.prl
2026-07-18 01:57:59,377 - aqt.updater - INFO - updater 38472 Patching D:\Qt\6.8.2\msvc2022_64\lib\Qt6ExampleIcons.prl
2026-07-18 01:57:59,405 - aqt.updater - INFO - updater 38472 Patching D:\Qt\6.8.2\msvc2022_64\lib\Qt6ExampleIconsd.prl
2026-07-18 01:57:59,419 - aqt.updater - INFO - updater 38472 Patching D:\Qt\6.8.2\msvc2022_64\lib\Qt6ExamplesAssetDownloader.prl
2026-07-18 01:57:59,444 - aqt.updater - INFO - updater 38472 Patching D:\Qt\6.8.2\msvc2022_64\lib\Qt6ExamplesAssetDownloaderd.prl
2026-07-18 01:57:59,462 - aqt.updater - INFO - updater 38472 Patching D:\Qt\6.8.2\msvc2022_64\lib\Qt6FbSupport.prl
2026-07-18 01:57:59,481 - aqt.updater - INFO - updater 38472 Patching D:\Qt\6.8.2\msvc2022_64\lib\Qt6FbSupportd.prl
2026-07-18 01:57:59,510 - aqt.updater - INFO - updater 38472 Patching D:\Qt\6.8.2\msvc2022_64\lib\Qt6Gui.prl
2026-07-18 01:57:59,527 - aqt.updater - INFO - updater 38472 Patching D:\Qt\6.8.2\msvc2022_64\lib\Qt6Guid.prl
2026-07-18 01:57:59,544 - aqt.updater - INFO - updater 38472 Patching D:\Qt\6.8.2\msvc2022_64\lib\Qt6Help.prl
2026-07-18 01:57:59,575 - aqt.updater - INFO - updater 38472 Patching D:\Qt\6.8.2\msvc2022_64\lib\Qt6Helpd.prl
2026-07-18 01:57:59,602 - aqt.updater - INFO - updater 38472 Patching D:\Qt\6.8.2\msvc2022_64\lib\Qt6LabsAnimation.prl
2026-07-18 01:57:59,643 - aqt.updater - INFO - updater 38472 Patching D:\Qt\6.8.2\msvc2022_64\lib\Qt6LabsAnimationd.prl
2026-07-18 01:57:59,677 - aqt.updater - INFO - updater 38472 Patching D:\Qt\6.8.2\msvc2022_64\lib\Qt6LabsFolderListModel.prl
2026-07-18 01:57:59,716 - aqt.updater - INFO - updater 38472 Patching D:\Qt\6.8.2\msvc2022_64\lib\Qt6LabsFolderListModeld.prl
2026-07-18 01:57:59,737 - aqt.updater - INFO - updater 38472 Patching D:\Qt\6.8.2\msvc2022_64\lib\Qt6LabsPlatform.prl
2026-07-18 01:57:59,760 - aqt.updater - INFO - updater 38472 Patching D:\Qt\6.8.2\msvc2022_64\lib\Qt6LabsPlatformd.prl
2026-07-18 01:57:59,780 - aqt.updater - INFO - updater 38472 Patching D:\Qt\6.8.2\msvc2022_64\lib\Qt6LabsQmlModels.prl
2026-07-18 01:57:59,808 - aqt.updater - INFO - updater 38472 Patching D:\Qt\6.8.2\msvc2022_64\lib\Qt6LabsQmlModelsd.prl
2026-07-18 01:57:59,845 - aqt.updater - INFO - updater 38472 Patching D:\Qt\6.8.2\msvc2022_64\lib\Qt6LabsSettings.prl
2026-07-18 01:57:59,864 - aqt.updater - INFO - updater 38472 Patching D:\Qt\6.8.2\msvc2022_64\lib\Qt6LabsSettingsd.prl
2026-07-18 01:57:59,884 - aqt.updater - INFO - updater 38472 Patching D:\Qt\6.8.2\msvc2022_64\lib\Qt6LabsSharedImage.prl
2026-07-18 01:57:59,896 - aqt.updater - INFO - updater 38472 Patching D:\Qt\6.8.2\msvc2022_64\lib\Qt6LabsSharedImaged.prl
2026-07-18 01:57:59,912 - aqt.updater - INFO - updater 38472 Patching D:\Qt\6.8.2\msvc2022_64\lib\Qt6LabsWavefrontMesh.prl
2026-07-18 01:57:59,926 - aqt.updater - INFO - updater 38472 Patching D:\Qt\6.8.2\msvc2022_64\lib\Qt6LabsWavefrontMeshd.prl
2026-07-18 01:57:59,944 - aqt.updater - INFO - updater 38472 Patching D:\Qt\6.8.2\msvc2022_64\lib\Qt6Multimedia.prl
2026-07-18 01:57:59,960 - aqt.updater - INFO - updater 38472 Patching D:\Qt\6.8.2\msvc2022_64\lib\Qt6Multimediad.prl
2026-07-18 01:57:59,980 - aqt.updater - INFO - updater 38472 Patching D:\Qt\6.8.2\msvc2022_64\lib\Qt6MultimediaQuick.prl
2026-07-18 01:57:59,995 - aqt.updater - INFO - updater 38472 Patching D:\Qt\6.8.2\msvc2022_64\lib\Qt6MultimediaQuickd.prl
2026-07-18 01:58:00,017 - aqt.updater - INFO - updater 38472 Patching D:\Qt\6.8.2\msvc2022_64\lib\Qt6MultimediaTestLib.prl
2026-07-18 01:58:00,041 - aqt.updater - INFO - updater 38472 Patching D:\Qt\6.8.2\msvc2022_64\lib\Qt6MultimediaTestLibd.prl
2026-07-18 01:58:00,058 - aqt.updater - INFO - updater 38472 Patching D:\Qt\6.8.2\msvc2022_64\lib\Qt6MultimediaWidgets.prl
2026-07-18 01:58:00,073 - aqt.updater - INFO - updater 38472 Patching D:\Qt\6.8.2\msvc2022_64\lib\Qt6MultimediaWidgetsd.prl
2026-07-18 01:58:00,091 - aqt.updater - INFO - updater 38472 Patching D:\Qt\6.8.2\msvc2022_64\lib\Qt6Network.prl
2026-07-18 01:58:00,106 - aqt.updater - INFO - updater 38472 Patching D:\Qt\6.8.2\msvc2022_64\lib\Qt6Networkd.prl
2026-07-18 01:58:00,122 - aqt.updater - INFO - updater 38472 Patching D:\Qt\6.8.2\msvc2022_64\lib\Qt6OpenGL.prl
2026-07-18 01:58:00,137 - aqt.updater - INFO - updater 38472 Patching D:\Qt\6.8.2\msvc2022_64\lib\Qt6OpenGLd.prl
2026-07-18 01:58:00,152 - aqt.updater - INFO - updater 38472 Patching D:\Qt\6.8.2\msvc2022_64\lib\Qt6OpenGLWidgets.prl
2026-07-18 01:58:00,168 - aqt.updater - INFO - updater 38472 Patching D:\Qt\6.8.2\msvc2022_64\lib\Qt6OpenGLWidgetsd.prl
2026-07-18 01:58:00,185 - aqt.updater - INFO - updater 38472 Patching D:\Qt\6.8.2\msvc2022_64\lib\Qt6PacketProtocol.prl
2026-07-18 01:58:00,205 - aqt.updater - INFO - updater 38472 Patching D:\Qt\6.8.2\msvc2022_64\lib\Qt6PacketProtocold.prl
2026-07-18 01:58:00,220 - aqt.updater - INFO - updater 38472 Patching D:\Qt\6.8.2\msvc2022_64\lib\Qt6PrintSupport.prl
2026-07-18 01:58:00,244 - aqt.updater - INFO - updater 38472 Patching D:\Qt\6.8.2\msvc2022_64\lib\Qt6PrintSupportd.prl
2026-07-18 01:58:00,266 - aqt.updater - INFO - updater 38472 Patching D:\Qt\6.8.2\msvc2022_64\lib\Qt6Qml.prl
2026-07-18 01:58:00,285 - aqt.updater - INFO - updater 38472 Patching D:\Qt\6.8.2\msvc2022_64\lib\Qt6QmlAssetDownloader.prl
2026-07-18 01:58:00,310 - aqt.updater - INFO - updater 38472 Patching D:\Qt\6.8.2\msvc2022_64\lib\Qt6QmlAssetDownloaderd.prl
2026-07-18 01:58:00,329 - aqt.updater - INFO - updater 38472 Patching D:\Qt\6.8.2\msvc2022_64\lib\Qt6QmlCompiler.prl
2026-07-18 01:58:00,347 - aqt.updater - INFO - updater 38472 Patching D:\Qt\6.8.2\msvc2022_64\lib\Qt6QmlCompilerd.prl
2026-07-18 01:58:00,361 - aqt.updater - INFO - updater 38472 Patching D:\Qt\6.8.2\msvc2022_64\lib\Qt6QmlCore.prl
2026-07-18 01:58:00,383 - aqt.updater - INFO - updater 38472 Patching D:\Qt\6.8.2\msvc2022_64\lib\Qt6QmlCored.prl
2026-07-18 01:58:00,417 - aqt.updater - INFO - updater 38472 Patching D:\Qt\6.8.2\msvc2022_64\lib\Qt6Qmld.prl
2026-07-18 01:58:00,439 - aqt.updater - INFO - updater 38472 Patching D:\Qt\6.8.2\msvc2022_64\lib\Qt6QmlDebug.prl
2026-07-18 01:58:00,466 - aqt.updater - INFO - updater 38472 Patching D:\Qt\6.8.2\msvc2022_64\lib\Qt6QmlDebugd.prl
2026-07-18 01:58:00,487 - aqt.updater - INFO - updater 38472 Patching D:\Qt\6.8.2\msvc2022_64\lib\Qt6QmlDom.prl
2026-07-18 01:58:00,520 - aqt.updater - INFO - updater 38472 Patching D:\Qt\6.8.2\msvc2022_64\lib\Qt6QmlDomd.prl
2026-07-18 01:58:00,551 - aqt.updater - INFO - updater 38472 Patching D:\Qt\6.8.2\msvc2022_64\lib\Qt6QmlLocalStorage.prl
2026-07-18 01:58:00,572 - aqt.updater - INFO - updater 38472 Patching D:\Qt\6.8.2\msvc2022_64\lib\Qt6QmlLocalStoraged.prl
2026-07-18 01:58:00,599 - aqt.updater - INFO - updater 38472 Patching D:\Qt\6.8.2\msvc2022_64\lib\Qt6QmlLS.prl
2026-07-18 01:58:00,615 - aqt.updater - INFO - updater 38472 Patching D:\Qt\6.8.2\msvc2022_64\lib\Qt6QmlLSd.prl
2026-07-18 01:58:00,637 - aqt.updater - INFO - updater 38472 Patching D:\Qt\6.8.2\msvc2022_64\lib\Qt6QmlMeta.prl
2026-07-18 01:58:00,718 - aqt.updater - INFO - updater 38472 Patching D:\Qt\6.8.2\msvc2022_64\lib\Qt6QmlMetad.prl
2026-07-18 01:58:00,880 - aqt.updater - INFO - updater 38472 Patching D:\Qt\6.8.2\msvc2022_64\lib\Qt6QmlModels.prl
2026-07-18 01:58:00,903 - aqt.updater - INFO - updater 38472 Patching D:\Qt\6.8.2\msvc2022_64\lib\Qt6QmlModelsd.prl
2026-07-18 01:58:00,947 - aqt.updater - INFO - updater 38472 Patching D:\Qt\6.8.2\msvc2022_64\lib\Qt6QmlNetwork.prl
2026-07-18 01:58:00,965 - aqt.updater - INFO - updater 38472 Patching D:\Qt\6.8.2\msvc2022_64\lib\Qt6QmlNetworkd.prl
2026-07-18 01:58:00,990 - aqt.updater - INFO - updater 38472 Patching D:\Qt\6.8.2\msvc2022_64\lib\Qt6QmlToolingSettings.prl
2026-07-18 01:58:01,011 - aqt.updater - INFO - updater 38472 Patching D:\Qt\6.8.2\msvc2022_64\lib\Qt6QmlToolingSettingsd.prl
2026-07-18 01:58:01,033 - aqt.updater - INFO - updater 38472 Patching D:\Qt\6.8.2\msvc2022_64\lib\Qt6QmlTypeRegistrar.prl
2026-07-18 01:58:01,052 - aqt.updater - INFO - updater 38472 Patching D:\Qt\6.8.2\msvc2022_64\lib\Qt6QmlTypeRegistrard.prl
2026-07-18 01:58:01,069 - aqt.updater - INFO - updater 38472 Patching D:\Qt\6.8.2\msvc2022_64\lib\Qt6QmlWorkerScript.prl
2026-07-18 01:58:01,089 - aqt.updater - INFO - updater 38472 Patching D:\Qt\6.8.2\msvc2022_64\lib\Qt6QmlWorkerScriptd.prl
2026-07-18 01:58:01,113 - aqt.updater - INFO - updater 38472 Patching D:\Qt\6.8.2\msvc2022_64\lib\Qt6QmlXmlListModel.prl
2026-07-18 01:58:01,130 - aqt.updater - INFO - updater 38472 Patching D:\Qt\6.8.2\msvc2022_64\lib\Qt6QmlXmlListModeld.prl
2026-07-18 01:58:01,150 - aqt.updater - INFO - updater 38472 Patching D:\Qt\6.8.2\msvc2022_64\lib\Qt6Quick.prl
2026-07-18 01:58:01,164 - aqt.updater - INFO - updater 38472 Patching D:\Qt\6.8.2\msvc2022_64\lib\Qt6Quick3DSpatialAudio.prl
2026-07-18 01:58:01,181 - aqt.updater - INFO - updater 38472 Patching D:\Qt\6.8.2\msvc2022_64\lib\Qt6Quick3DSpatialAudiod.prl
2026-07-18 01:58:01,197 - aqt.updater - INFO - updater 38472 Patching D:\Qt\6.8.2\msvc2022_64\lib\Qt6QuickControls2.prl
2026-07-18 01:58:01,222 - aqt.updater - INFO - updater 38472 Patching D:\Qt\6.8.2\msvc2022_64\lib\Qt6QuickControls2Basic.prl
2026-07-18 01:58:01,246 - aqt.updater - INFO - updater 38472 Patching D:\Qt\6.8.2\msvc2022_64\lib\Qt6QuickControls2Basicd.prl
2026-07-18 01:58:01,263 - aqt.updater - INFO - updater 38472 Patching D:\Qt\6.8.2\msvc2022_64\lib\Qt6QuickControls2BasicStyleImpl.prl
2026-07-18 01:58:01,280 - aqt.updater - INFO - updater 38472 Patching D:\Qt\6.8.2\msvc2022_64\lib\Qt6QuickControls2BasicStyleImpld.prl
2026-07-18 01:58:01,300 - aqt.updater - INFO - updater 38472 Patching D:\Qt\6.8.2\msvc2022_64\lib\Qt6QuickControls2d.prl
2026-07-18 01:58:01,323 - aqt.updater - INFO - updater 38472 Patching D:\Qt\6.8.2\msvc2022_64\lib\Qt6QuickControls2FluentWinUI3StyleImpl.prl
2026-07-18 01:58:01,344 - aqt.updater - INFO - updater 38472 Patching D:\Qt\6.8.2\msvc2022_64\lib\Qt6QuickControls2FluentWinUI3StyleImpld.prl
2026-07-18 01:58:01,373 - aqt.updater - INFO - updater 38472 Patching D:\Qt\6.8.2\msvc2022_64\lib\Qt6QuickControls2Fusion.prl
2026-07-18 01:58:01,397 - aqt.updater - INFO - updater 38472 Patching D:\Qt\6.8.2\msvc2022_64\lib\Qt6QuickControls2Fusiond.prl
2026-07-18 01:58:01,416 - aqt.updater - INFO - updater 38472 Patching D:\Qt\6.8.2\msvc2022_64\lib\Qt6QuickControls2FusionStyleImpl.prl
2026-07-18 01:58:01,448 - aqt.updater - INFO - updater 38472 Patching D:\Qt\6.8.2\msvc2022_64\lib\Qt6QuickControls2FusionStyleImpld.prl
2026-07-18 01:58:01,476 - aqt.updater - INFO - updater 38472 Patching D:\Qt\6.8.2\msvc2022_64\lib\Qt6QuickControls2Imagine.prl
2026-07-18 01:58:01,491 - aqt.updater - INFO - updater 38472 Patching D:\Qt\6.8.2\msvc2022_64\lib\Qt6QuickControls2Imagined.prl
2026-07-18 01:58:01,512 - aqt.updater - INFO - updater 38472 Patching D:\Qt\6.8.2\msvc2022_64\lib\Qt6QuickControls2ImagineStyleImpl.prl
2026-07-18 01:58:01,538 - aqt.updater - INFO - updater 38472 Patching D:\Qt\6.8.2\msvc2022_64\lib\Qt6QuickControls2ImagineStyleImpld.prl
2026-07-18 01:58:01,559 - aqt.updater - INFO - updater 38472 Patching D:\Qt\6.8.2\msvc2022_64\lib\Qt6QuickControls2Impl.prl
2026-07-18 01:58:01,582 - aqt.updater - INFO - updater 38472 Patching D:\Qt\6.8.2\msvc2022_64\lib\Qt6QuickControls2Impld.prl
2026-07-18 01:58:01,601 - aqt.updater - INFO - updater 38472 Patching D:\Qt\6.8.2\msvc2022_64\lib\Qt6QuickControls2Material.prl
2026-07-18 01:58:01,618 - aqt.updater - INFO - updater 38472 Patching D:\Qt\6.8.2\msvc2022_64\lib\Qt6QuickControls2Materiald.prl
2026-07-18 01:58:01,636 - aqt.updater - INFO - updater 38472 Patching D:\Qt\6.8.2\msvc2022_64\lib\Qt6QuickControls2MaterialStyleImpl.prl
2026-07-18 01:58:01,656 - aqt.updater - INFO - updater 38472 Patching D:\Qt\6.8.2\msvc2022_64\lib\Qt6QuickControls2MaterialStyleImpld.prl
2026-07-18 01:58:01,691 - aqt.updater - INFO - updater 38472 Patching D:\Qt\6.8.2\msvc2022_64\lib\Qt6QuickControls2Universal.prl
2026-07-18 01:58:01,714 - aqt.updater - INFO - updater 38472 Patching D:\Qt\6.8.2\msvc2022_64\lib\Qt6QuickControls2Universald.prl
2026-07-18 01:58:01,736 - aqt.updater - INFO - updater 38472 Patching D:\Qt\6.8.2\msvc2022_64\lib\Qt6QuickControls2UniversalStyleImpl.prl
2026-07-18 01:58:01,755 - aqt.updater - INFO - updater 38472 Patching D:\Qt\6.8.2\msvc2022_64\lib\Qt6QuickControls2UniversalStyleImpld.prl
2026-07-18 01:58:01,802 - aqt.updater - INFO - updater 38472 Patching D:\Qt\6.8.2\msvc2022_64\lib\Qt6QuickControls2WindowsStyleImpl.prl
2026-07-18 01:58:01,830 - aqt.updater - INFO - updater 38472 Patching D:\Qt\6.8.2\msvc2022_64\lib\Qt6QuickControls2WindowsStyleImpld.prl
2026-07-18 01:58:01,852 - aqt.updater - INFO - updater 38472 Patching D:\Qt\6.8.2\msvc2022_64\lib\Qt6QuickControlsTestUtils.prl
2026-07-18 01:58:01,872 - aqt.updater - INFO - updater 38472 Patching D:\Qt\6.8.2\msvc2022_64\lib\Qt6QuickControlsTestUtilsd.prl
2026-07-18 01:58:01,895 - aqt.updater - INFO - updater 38472 Patching D:\Qt\6.8.2\msvc2022_64\lib\Qt6Quickd.prl
2026-07-18 01:58:01,916 - aqt.updater - INFO - updater 38472 Patching D:\Qt\6.8.2\msvc2022_64\lib\Qt6QuickDialogs2.prl
2026-07-18 01:58:01,937 - aqt.updater - INFO - updater 38472 Patching D:\Qt\6.8.2\msvc2022_64\lib\Qt6QuickDialogs2d.prl
2026-07-18 01:58:01,955 - aqt.updater - INFO - updater 38472 Patching D:\Qt\6.8.2\msvc2022_64\lib\Qt6QuickDialogs2QuickImpl.prl
2026-07-18 01:58:01,970 - aqt.updater - INFO - updater 38472 Patching D:\Qt\6.8.2\msvc2022_64\lib\Qt6QuickDialogs2QuickImpld.prl
2026-07-18 01:58:01,987 - aqt.updater - INFO - updater 38472 Patching D:\Qt\6.8.2\msvc2022_64\lib\Qt6QuickDialogs2Utils.prl
2026-07-18 01:58:02,010 - aqt.updater - INFO - updater 38472 Patching D:\Qt\6.8.2\msvc2022_64\lib\Qt6QuickDialogs2Utilsd.prl
2026-07-18 01:58:02,027 - aqt.updater - INFO - updater 38472 Patching D:\Qt\6.8.2\msvc2022_64\lib\Qt6QuickEffects.prl
2026-07-18 01:58:02,045 - aqt.updater - INFO - updater 38472 Patching D:\Qt\6.8.2\msvc2022_64\lib\Qt6QuickEffectsd.prl
2026-07-18 01:58:02,061 - aqt.updater - INFO - updater 38472 Patching D:\Qt\6.8.2\msvc2022_64\lib\Qt6QuickLayouts.prl
2026-07-18 01:58:02,076 - aqt.updater - INFO - updater 38472 Patching D:\Qt\6.8.2\msvc2022_64\lib\Qt6QuickLayoutsd.prl
2026-07-18 01:58:02,093 - aqt.updater - INFO - updater 38472 Patching D:\Qt\6.8.2\msvc2022_64\lib\Qt6QuickParticles.prl
2026-07-18 01:58:02,112 - aqt.updater - INFO - updater 38472 Patching D:\Qt\6.8.2\msvc2022_64\lib\Qt6QuickParticlesd.prl
2026-07-18 01:58:02,131 - aqt.updater - INFO - updater 38472 Patching D:\Qt\6.8.2\msvc2022_64\lib\Qt6QuickShapes.prl
2026-07-18 01:58:02,149 - aqt.updater - INFO - updater 38472 Patching D:\Qt\6.8.2\msvc2022_64\lib\Qt6QuickShapesd.prl
2026-07-18 01:58:02,168 - aqt.updater - INFO - updater 38472 Patching D:\Qt\6.8.2\msvc2022_64\lib\Qt6QuickTemplates2.prl
2026-07-18 01:58:02,185 - aqt.updater - INFO - updater 38472 Patching D:\Qt\6.8.2\msvc2022_64\lib\Qt6QuickTemplates2d.prl
2026-07-18 01:58:02,201 - aqt.updater - INFO - updater 38472 Patching D:\Qt\6.8.2\msvc2022_64\lib\Qt6QuickTest.prl
2026-07-18 01:58:02,217 - aqt.updater - INFO - updater 38472 Patching D:\Qt\6.8.2\msvc2022_64\lib\Qt6QuickTestd.prl
2026-07-18 01:58:02,234 - aqt.updater - INFO - updater 38472 Patching D:\Qt\6.8.2\msvc2022_64\lib\Qt6QuickTestUtils.prl
2026-07-18 01:58:02,249 - aqt.updater - INFO - updater 38472 Patching D:\Qt\6.8.2\msvc2022_64\lib\Qt6QuickTestUtilsd.prl
2026-07-18 01:58:02,266 - aqt.updater - INFO - updater 38472 Patching D:\Qt\6.8.2\msvc2022_64\lib\Qt6QuickVectorImage.prl
2026-07-18 01:58:02,284 - aqt.updater - INFO - updater 38472 Patching D:\Qt\6.8.2\msvc2022_64\lib\Qt6QuickVectorImaged.prl
2026-07-18 01:58:02,297 - aqt.updater - INFO - updater 38472 Patching D:\Qt\6.8.2\msvc2022_64\lib\Qt6QuickVectorImageGenerator.prl
2026-07-18 01:58:02,312 - aqt.updater - INFO - updater 38472 Patching D:\Qt\6.8.2\msvc2022_64\lib\Qt6QuickVectorImageGeneratord.prl
2026-07-18 01:58:02,327 - aqt.updater - INFO - updater 38472 Patching D:\Qt\6.8.2\msvc2022_64\lib\Qt6QuickWidgets.prl
2026-07-18 01:58:02,347 - aqt.updater - INFO - updater 38472 Patching D:\Qt\6.8.2\msvc2022_64\lib\Qt6QuickWidgetsd.prl
2026-07-18 01:58:02,363 - aqt.updater - INFO - updater 38472 Patching D:\Qt\6.8.2\msvc2022_64\lib\Qt6ShaderTools.prl
2026-07-18 01:58:02,379 - aqt.updater - INFO - updater 38472 Patching D:\Qt\6.8.2\msvc2022_64\lib\Qt6ShaderToolsd.prl
2026-07-18 01:58:02,393 - aqt.updater - INFO - updater 38472 Patching D:\Qt\6.8.2\msvc2022_64\lib\Qt6SpatialAudio.prl
2026-07-18 01:58:02,411 - aqt.updater - INFO - updater 38472 Patching D:\Qt\6.8.2\msvc2022_64\lib\Qt6SpatialAudiod.prl
2026-07-18 01:58:02,434 - aqt.updater - INFO - updater 38472 Patching D:\Qt\6.8.2\msvc2022_64\lib\Qt6Sql.prl
2026-07-18 01:58:02,450 - aqt.updater - INFO - updater 38472 Patching D:\Qt\6.8.2\msvc2022_64\lib\Qt6Sqld.prl
2026-07-18 01:58:02,465 - aqt.updater - INFO - updater 38472 Patching D:\Qt\6.8.2\msvc2022_64\lib\Qt6Svg.prl
2026-07-18 01:58:02,483 - aqt.updater - INFO - updater 38472 Patching D:\Qt\6.8.2\msvc2022_64\lib\Qt6Svgd.prl
2026-07-18 01:58:02,508 - aqt.updater - INFO - updater 38472 Patching D:\Qt\6.8.2\msvc2022_64\lib\Qt6SvgWidgets.prl
2026-07-18 01:58:02,529 - aqt.updater - INFO - updater 38472 Patching D:\Qt\6.8.2\msvc2022_64\lib\Qt6SvgWidgetsd.prl
2026-07-18 01:58:02,551 - aqt.updater - INFO - updater 38472 Patching D:\Qt\6.8.2\msvc2022_64\lib\Qt6Test.prl
2026-07-18 01:58:02,567 - aqt.updater - INFO - updater 38472 Patching D:\Qt\6.8.2\msvc2022_64\lib\Qt6Testd.prl
2026-07-18 01:58:02,584 - aqt.updater - INFO - updater 38472 Patching D:\Qt\6.8.2\msvc2022_64\lib\Qt6UiTools.prl
2026-07-18 01:58:02,597 - aqt.updater - INFO - updater 38472 Patching D:\Qt\6.8.2\msvc2022_64\lib\Qt6UiToolsd.prl
2026-07-18 01:58:02,617 - aqt.updater - INFO - updater 38472 Patching D:\Qt\6.8.2\msvc2022_64\lib\Qt6Widgets.prl
2026-07-18 01:58:02,643 - aqt.updater - INFO - updater 38472 Patching D:\Qt\6.8.2\msvc2022_64\lib\Qt6Widgetsd.prl
2026-07-18 01:58:02,662 - aqt.updater - INFO - updater 38472 Patching D:\Qt\6.8.2\msvc2022_64\lib\Qt6Xml.prl
2026-07-18 01:58:02,680 - aqt.updater - INFO - updater 38472 Patching D:\Qt\6.8.2\msvc2022_64\lib\Qt6Xmld.prl
2026-07-18 01:58:02,697 - aqt.main - INFO - installer 38472 Finished installation
2026-07-18 01:58:02,697 - aqt.main - INFO - installer 38472 Time elapsed: 98.25154200 second
